#-----------------------------------------------------------
# Vivado v2017.2 (64-bit)
# SW Build 1909853 on Thu Jun 15 18:39:09 MDT 2017
# IP Build 1909766 on Thu Jun 15 19:58:00 MDT 2017
# Start of session at: Mon Dec 16 23:27:34 2024
# Process ID: 37192
# Current directory: C:/Users/lions/Desktop/Github/ERTS-Assignments/a2/a2_ex6/lab4/ip_repo/zybo_audio_codec
# Command line: vivado.exe -gui_launcher_event rodinguilauncherevent35952 C:\Users\lions\Desktop\Github\ERTS-Assignments\a2\a2_ex6\lab4\ip_repo\zybo_audio_codec\zybo_audio_codec.xpr
# Log file: C:/Users/lions/Desktop/Github/ERTS-Assignments/a2/a2_ex6/lab4/ip_repo/zybo_audio_codec/vivado.log
# Journal file: C:/Users/lions/Desktop/Github/ERTS-Assignments/a2/a2_ex6/lab4/ip_repo/zybo_audio_codec\vivado.jou
#-----------------------------------------------------------
start_gui
open_project C:/Users/lions/Desktop/Github/ERTS-Assignments/a2/a2_ex6/lab4/ip_repo/zybo_audio_codec/zybo_audio_codec.xpr
INFO: [ProjectBase 1-489] The host OS only allows 260 characters in a normal path. The project is stored in a path with more than 80 characters. If you experience issues with IP, Block Designs, or files not being found, please consider moving the project to a location with a shorter path. Alternately consider using the OS subst command to map part of the path to a drive letter.
Current project path is 'C:/Users/lions/Desktop/Github/ERTS-Assignments/a2/a2_ex6/lab4/ip_repo/zybo_audio_codec'
INFO: [Project 1-313] Project file moved from 'C:/xup/hls/labs/lab4/zybo_audio_codec' since last save.
Scanning sources...
Finished scanning sources
INFO: [Project 1-230] Project 'zybo_audio_codec.xpr' upgraded for this version of Vivado.
INFO: [IP_Flow 19-234] Refreshing IP repositories
INFO: [IP_Flow 19-1704] No user IP repositories specified
INFO: [IP_Flow 19-2313] Loaded Vivado IP repository 'D:/Xilinx/Vivado/2017.2/data/ip'.
update_compile_order -fileset sources_1
reset_run synth_1
launch_runs synth_1 -jobs 12
[Mon Dec 16 23:28:09 2024] Launched synth_1...
Run output will be captured here: C:/Users/lions/Desktop/Github/ERTS-Assignments/a2/a2_ex6/lab4/ip_repo/zybo_audio_codec/zybo_audio_codec.runs/synth_1/runme.log
create_bd_design "design_1"
Wrote  : <C:/Users/lions/Desktop/Github/ERTS-Assignments/a2/a2_ex6/lab4/ip_repo/zybo_audio_codec/zybo_audio_codec.srcs/sources_1/bd/design_1/design_1.bd> 
update_compile_order -fileset sources_1
