

================================================================
== Vivado HLS Report for 'Biquad_process'
================================================================
* Date:           Thu Dec 19 15:08:35 2024

* Version:        2017.2 (Build 1909853 on Thu Jun 15 18:55:24 MDT 2017)
* Project:        Biquad
* Solution:       Biquad
* Product family: zynq
* Target device:  xc7z010clg400-1


================================================================
== Performance Estimates
================================================================
+ Timing (ns): 
    * Summary: 
    +--------+-------+----------+------------+
    |  Clock | Target| Estimated| Uncertainty|
    +--------+-------+----------+------------+
    |ap_clk  |  10.00|      6.91|        1.25|
    +--------+-------+----------+------------+

+ Latency (clock cycles): 
    * Summary: 
    +-----+-----+-----+-----+---------+
    |  Latency  |  Interval | Pipeline|
    | min | max | min | max |   Type  |
    +-----+-----+-----+-----+---------+
    |   32|   32|   32|   32|   none  |
    +-----+-----+-----+-----+---------+

    + Detail: 
        * Instance: 
        N/A

        * Loop: 
        +-------------+-----+-----+----------+-----------+-----------+------+----------+
        |             |  Latency  | Iteration|  Initiation Interval  | Trip |          |
        |  Loop Name  | min | max |  Latency |  achieved |   target  | Count| Pipelined|
        +-------------+-----+-----+----------+-----------+-----------+------+----------+
        |- Loop 1     |   30|   30|        30|          -|          -|  inf |    no    |
        | + Loop 1.1  |   25|   25|         5|          -|          -|     5|    no    |
        +-------------+-----+-----+----------+-----------+-----------+------+----------+



================================================================
== Utilization Estimates
================================================================
* Summary: 
+-----------------+---------+-------+-------+-------+
|       Name      | BRAM_18K| DSP48E|   FF  |  LUT  |
+-----------------+---------+-------+-------+-------+
|DSP              |        -|      -|      -|      -|
|Expression       |        -|      -|    115|     47|
|FIFO             |        -|      -|      -|      -|
|Instance         |        -|      4|    165|     50|
|Memory           |        2|      -|     25|      2|
|Multiplexer      |        -|      -|      -|    176|
|Register         |        -|      -|    170|      -|
+-----------------+---------+-------+-------+-------+
|Total            |        2|      4|    475|    275|
+-----------------+---------+-------+-------+-------+
|Available        |      120|     80|  35200|  17600|
+-----------------+---------+-------+-------+-------+
|Utilization (%)  |        1|      5|      1|      1|
+-----------------+---------+-------+-------+-------+

+ Detail: 
    * Instance: 
    +-------------------------+----------------------+---------+-------+-----+----+
    |         Instance        |        Module        | BRAM_18K| DSP48E|  FF | LUT|
    +-------------------------+----------------------+---------+-------+-----+----+
    |Biquad_mul_25s_32dEe_U0  |Biquad_mul_25s_32dEe  |        0|      4|  165|  50|
    +-------------------------+----------------------+---------+-------+-----+----+
    |Total                    |                      |        0|      4|  165|  50|
    +-------------------------+----------------------+---------+-------+-----+----+

    * DSP48: 
    N/A

    * Memory: 
    +-------------+----------------------+---------+----+----+------+-----+------+-------------+
    |    Memory   |        Module        | BRAM_18K| FF | LUT| Words| Bits| Banks| W*Bits*Banks|
    +-------------+----------------------+---------+----+----+------+-----+------+-------------+
    |coeffs_U     |Biquad_process_cobkb  |        0|  25|   2|     5|   25|     1|          125|
    |samples_V_U  |Biquad_process_sacud  |        2|   0|   0|     5|   32|     1|          160|
    +-------------+----------------------+---------+----+----+------+-----+------+-------------+
    |Total        |                      |        2|  25|   2|    10|   57|     2|          285|
    +-------------+----------------------+---------+----+----+------+-----+------+-------------+

    * FIFO: 
    N/A

    * Expression: 
    +--------------------+----------+-------+-----+----+------------+------------+
    |    Variable Name   | Operation| DSP48E|  FF | LUT| Bitwidth P0| Bitwidth P1|
    +--------------------+----------+-------+-----+----+------------+------------+
    |i_V_fu_205_p2       |     +    |      0|   14|   9|           3|           1|
    |result_V_fu_240_p2  |     +    |      0|  101|  37|          32|          32|
    |exitcond_fu_199_p2  |   icmp   |      0|    0|   1|           3|           3|
    +--------------------+----------+-------+-----+----+------------+------------+
    |Total               |          |      0|  115|  47|          38|          36|
    +--------------------+----------+-------+-----+----+------------+------------+

    * Multiplexer: 
    +--------------------+----+-----------+-----+-----------+
    |        Name        | LUT| Input Size| Bits| Total Bits|
    +--------------------+----+-----------+-----+-----------+
    |ap_NS_fsm           |  65|         12|    1|         12|
    |reg_193             |   9|          2|   32|         64|
    |samples_V_address0  |  27|          5|    3|         15|
    |samples_V_address1  |  21|          4|    3|         12|
    |samples_V_d0        |  21|          4|   32|        128|
    |samples_V_d1        |  15|          3|   32|         96|
    |t_V_reg_182         |   9|          2|    3|          6|
    |v_V_reg_168         |   9|          2|   32|         64|
    +--------------------+----+-----------+-----+-----------+
    |Total               | 176|         34|  138|        397|
    +--------------------+----+-----------+-----+-----------+

    * Register: 
    +---------------------+----+----+-----+-----------+
    |         Name        | FF | LUT| Bits| Const Bits|
    +---------------------+----+----+-----+-----------+
    |ap_CS_fsm            |  11|   0|   11|          0|
    |coeffs_load_reg_294  |  25|   0|   25|          0|
    |i_V_reg_279          |   3|   0|    3|          0|
    |phitmp_reg_309       |  32|   0|   32|          0|
    |reg_193              |  32|   0|   32|          0|
    |t_V_reg_182          |   3|   0|    3|          0|
    |v_V_reg_168          |  32|   0|   32|          0|
    |val_V_reg_271        |  32|   0|   32|          0|
    +---------------------+----+----+-----+-----------+
    |Total                | 170|   0|  170|          0|
    +---------------------+----+----+-----+-----------+



================================================================
== Interface
================================================================
* Summary: 
+----------------+-----+-----+------------+-----------------+--------------+
|    RTL Ports   | Dir | Bits|  Protocol  |  Source Object  |    C Type    |
+----------------+-----+-----+------------+-----------------+--------------+
|ap_clk          |  in |    1| ap_ctrl_hs | Biquad::process | return value |
|ap_rst          |  in |    1| ap_ctrl_hs | Biquad::process | return value |
|inData          |  in |   32|   ap_none  |      inData     |    pointer   |
|outData         | out |   32|   ap_vld   |     outData     |    pointer   |
|outData_ap_vld  | out |    1|   ap_vld   |     outData     |    pointer   |
+----------------+-----+-----+------------+-----------------+--------------+

